Arguments: 
  /usr/local/bin/node /usr/local/bin/yarn add @/util

PATH: 
  /usr/local/lib/node_modules/npm/node_modules/npm-lifecycle/node-gyp-bin:/Users/yuanminghu/test/elyn-ui/node_modules/.bin:/usr/local/bin:/usr/bin:/bin:/usr/sbin:/sbin:/Users/yuanminghu/dev/apache-maven-3.6.1/bin:/usr/local/MongoDB/bin

Yarn version: 
  1.17.3

Node version: 
  11.15.0

Platform: 
  darwin x64

Trace: 
  Error: http://registry.npm.analysys.cn/@%2futil: Not found
      at Request.params.callback [as _callback] (/usr/local/lib/node_modules/yarn/lib/cli.js:66830:18)
      at Request.self.callback (/usr/local/lib/node_modules/yarn/lib/cli.js:140464:22)
      at Request.emit (events.js:193:13)
      at Request.<anonymous> (/usr/local/lib/node_modules/yarn/lib/cli.js:141436:10)
      at Request.emit (events.js:193:13)
      at IncomingMessage.<anonymous> (/usr/local/lib/node_modules/yarn/lib/cli.js:141358:12)
      at Object.onceWrapper (events.js:281:20)
      at IncomingMessage.emit (events.js:198:15)
      at endReadableNT (_stream_readable.js:1139:12)
      at processTicksAndRejections (internal/process/task_queues.js:81:17)

npm manifest: 
  {
    "name": "may-vue-ui",
    "version": "1.0.7",
    "description": "",
    "main": "lib/may-ui.min.js",
    "style": "lib/may-ui.min.css",
    "scripts": {
      "build": "npm run clean && rimraf .cache && webpack --mode=production --config ./build/webpack.config.prod.js",
      "clean": "rimraf dist",
      "dev:c": "npm run clean && rimraf .cache && node build/devComponent.js",
      "lint": "standard \"**/*.{js,vue}\"",
      "lint:fix": "standard \"**/*.{js,vue}\" --fix"
    },
    "keywords": [],
    "author": "",
    "license": "ISC",
    "devDependencies": {
      "autoprefixer": "^9.0.1",
      "babel-core": "^6.25.0",
      "babel-eslint": "^8.2.6",
      "babel-loader": "^7.1.1",
      "babel-preset-env": "^1.5.2",
      "babel-runtime": "^6.26.0",
      "child_process": "^1.0.2",
      "css-loader": "^4.3.0",
      "cssnano": "^4.1.11",
      "file-loader": "^1.1.11",
      "html-webpack-plugin": "^4.5.2",
      "inquirer": "^8.0.0",
      "mini-css-extract-plugin": "^0.8.2",
      "postcss-loader": "^4.2.0",
      "postcss-scss": "^3.0.5",
      "rimraf": "^2.6.2",
      "sass": "^1.32.11",
      "sass-loader": "^10.1.1",
      "style-loader": "^0.21.0",
      "url-loader": "^1.0.1",
      "vue": "^2.5.17",
      "vue-loader": "^15.4.2",
      "vue-router": "^3.0.1",
      "vue-style-loader": "^4.1.1",
      "vue-template-compiler": "^2.5.17",
      "webpack": "^4",
      "webpack-merge": "^4.1.3"
    }
  }

yarn manifest: 
  No manifest

Lockfile: 
  No lockfile
